Build started 2015/6/8 14:49:01.
     1>Project "D:\心理\C++ code\BPLNN\LiPengyu_BPNN\LiPengyu_BPNN\LiPengyu_BPNN.vcxproj" on node 2 (Build target(s)).
     1>ClCompile:
         D:\Program Files\Microsoft Visual Studio 12.0\VC\bin\CL.exe /c /ZI /nologo /W3 /WX- /Od /Oy- /D WIN32 /D _DEBUG /D _CONSOLE /D _UNICODE /D UNICODE /Gm /EHsc /RTC1 /MDd /GS /fp:precise /Zc:wchar_t /Zc:forScope /Fo"Debug\\" /Fd"Debug\vc120.pdb" /Gd /TP /analyze- /errorReport:prompt NeuralNetwork.cpp
         NeuralNetwork.cpp
       Link:
         D:\Program Files\Microsoft Visual Studio 12.0\VC\bin\link.exe /ERRORREPORT:PROMPT /OUT:"D:\心理\C++ code\BPLNN\LiPengyu_BPNN\Debug\LiPengyu_BPNN.exe" /INCREMENTAL /NOLOGO kernel32.lib user32.lib gdi32.lib winspool.lib comdlg32.lib advapi32.lib shell32.lib ole32.lib oleaut32.lib uuid.lib odbc32.lib odbccp32.lib /MANIFEST /MANIFESTUAC:"level='asInvoker' uiAccess='false'" /manifest:embed /DEBUG /PDB:"D:\心理\C++ code\BPLNN\LiPengyu_BPNN\Debug\LiPengyu_BPNN.pdb" /SUBSYSTEM:CONSOLE /TLBID:1 /DYNAMICBASE /NXCOMPAT /IMPLIB:"D:\心理\C++ code\BPLNN\LiPengyu_BPNN\Debug\LiPengyu_BPNN.lib" /MACHINE:X86 /force Debug\HiddenLayer.obj
         Debug\LogisticRegression.obj
         Debug\main.obj
         Debug\NeuralNetwork.obj
         Debug\util.obj
     1>LINK : warning LNK4075: ignoring '/INCREMENTAL' due to '/FORCE' specification
     1>HiddenLayer.obj : warning LNK4075: ignoring '/EDITANDCONTINUE' due to '/OPT:LBR' specification
     1>main.obj : warning LNK4006: "int * phidden" (?phidden@@3PAHA) already defined in LogisticRegression.obj; second definition ignored
     1>main.obj : warning LNK4006: "double * weidth_decay_" (?weidth_decay_@@3PANA) already defined in LogisticRegression.obj; second definition ignored
     1>main.obj : warning LNK4006: "bool signSave" (?signSave@@3_NA) already defined in LogisticRegression.obj; second definition ignored
     1>main.obj : warning LNK4006: "class std::basic_string<char,struct std::char_traits<char>,class std::allocator<char> > outFile" (?outFile@@3V?$basic_string@DU?$char_traits@D@std@@V?$allocator@D@2@@std@@A) already defined in LogisticRegression.obj; second definition ignored
     1>main.obj : warning LNK4006: "class std::basic_string<char,struct std::char_traits<char>,class std::allocator<char> > rootDir" (?rootDir@@3V?$basic_string@DU?$char_traits@D@std@@V?$allocator@D@2@@std@@A) already defined in LogisticRegression.obj; second definition ignored
     1>main.obj : warning LNK4006: "class std::basic_string<char,struct std::char_traits<char>,class std::allocator<char> > DataFile" (?DataFile@@3V?$basic_string@DU?$char_traits@D@std@@V?$allocator@D@2@@std@@A) already defined in LogisticRegression.obj; second definition ignored
     1>main.obj : warning LNK4006: "class std::basic_string<char,struct std::char_traits<char>,class std::allocator<char> > LabelFile" (?LabelFile@@3V?$basic_string@DU?$char_traits@D@std@@V?$allocator@D@2@@std@@A) already defined in LogisticRegression.obj; second definition ignored
     1>main.obj : warning LNK4006: "class std::basic_string<char,struct std::char_traits<char>,class std::allocator<char> > target" (?target@@3V?$basic_string@DU?$char_traits@D@std@@V?$allocator@D@2@@std@@A) already defined in LogisticRegression.obj; second definition ignored
     1>NeuralNetwork.obj : warning LNK4006: "int * phidden" (?phidden@@3PAHA) already defined in LogisticRegression.obj; second definition ignored
     1>NeuralNetwork.obj : warning LNK4006: "double * weidth_decay_" (?weidth_decay_@@3PANA) already defined in LogisticRegression.obj; second definition ignored
     1>NeuralNetwork.obj : warning LNK4006: "bool signSave" (?signSave@@3_NA) already defined in LogisticRegression.obj; second definition ignored
     1>NeuralNetwork.obj : warning LNK4006: "class std::basic_string<char,struct std::char_traits<char>,class std::allocator<char> > outFile" (?outFile@@3V?$basic_string@DU?$char_traits@D@std@@V?$allocator@D@2@@std@@A) already defined in LogisticRegression.obj; second definition ignored
     1>NeuralNetwork.obj : warning LNK4006: "class std::basic_string<char,struct std::char_traits<char>,class std::allocator<char> > rootDir" (?rootDir@@3V?$basic_string@DU?$char_traits@D@std@@V?$allocator@D@2@@std@@A) already defined in LogisticRegression.obj; second definition ignored
     1>NeuralNetwork.obj : warning LNK4006: "class std::basic_string<char,struct std::char_traits<char>,class std::allocator<char> > DataFile" (?DataFile@@3V?$basic_string@DU?$char_traits@D@std@@V?$allocator@D@2@@std@@A) already defined in LogisticRegression.obj; second definition ignored
     1>NeuralNetwork.obj : warning LNK4006: "class std::basic_string<char,struct std::char_traits<char>,class std::allocator<char> > LabelFile" (?LabelFile@@3V?$basic_string@DU?$char_traits@D@std@@V?$allocator@D@2@@std@@A) already defined in LogisticRegression.obj; second definition ignored
     1>NeuralNetwork.obj : warning LNK4006: "class std::basic_string<char,struct std::char_traits<char>,class std::allocator<char> > target" (?target@@3V?$basic_string@DU?$char_traits@D@std@@V?$allocator@D@2@@std@@A) already defined in LogisticRegression.obj; second definition ignored
     1>D:\心理\C++ code\BPLNN\LiPengyu_BPNN\Debug\LiPengyu_BPNN.exe : warning LNK4088: image being generated due to /FORCE option; image may not run
         LiPengyu_BPNN.vcxproj -> D:\心理\C++ code\BPLNN\LiPengyu_BPNN\Debug\LiPengyu_BPNN.exe
     1>Done Building Project "D:\心理\C++ code\BPLNN\LiPengyu_BPNN\LiPengyu_BPNN\LiPengyu_BPNN.vcxproj" (Build target(s)).

Build succeeded.

Time Elapsed 00:00:01.17
